#
# There is insufficient memory for the Java Runtime Environment to continue.
# Native memory allocation (malloc) failed to allocate 1048576 bytes. Error detail: AllocateHeap
# Possible reasons:
#   The system is out of physical RAM or swap space
#   This process is running with CompressedOops enabled, and the Java Heap may be blocking the growth of the native heap
# Possible solutions:
#   Reduce memory load on the system
#   Increase physical memory or swap space
#   Check if swap backing store is full
#   Decrease Java heap size (-Xmx/-Xms)
#   Decrease number of Java threads
#   Decrease Java thread stack sizes (-Xss)
#   Set larger code cache with -XX:ReservedCodeCacheSize=
#   JVM is running with Unscaled Compressed Oops mode in which the Java heap is
#     placed in the first 4GB address space. The Java Heap base address is the
#     maximum limit for the native heap growth. Please use -XX:HeapBaseMinAddress
#     to set the Java Heap base and to place the Java Heap above 4GB virtual address.
# This output file may be truncated or incomplete.
#
#  Out of Memory Error (allocation.cpp:44), pid=25728, tid=27624
#
# JRE version: OpenJDK Runtime Environment Temurin-21.0.8+9 (21.0.8+9) (build 21.0.8+9-LTS)
# Java VM: OpenJDK 64-Bit Server VM Temurin-21.0.8+9 (21.0.8+9-LTS, mixed mode, sharing, tiered, compressed oops, compressed class ptrs, parallel gc, windows-amd64)
# No core dump will be written. Minidumps are not enabled by default on client versions of Windows
#

---------------  S U M M A R Y ------------

Command Line: --add-modules=ALL-SYSTEM --add-opens=java.base/java.util=ALL-UNNAMED --add-opens=java.base/java.lang=ALL-UNNAMED --add-opens=java.base/sun.nio.fs=ALL-UNNAMED -Declipse.application=org.eclipse.jdt.ls.core.id1 -Dosgi.bundles.defaultStartLevel=4 -Declipse.product=org.eclipse.jdt.ls.core.product -Djava.import.generatesMetadataFilesAtProjectRoot=false -DDetectVMInstallationsJob.disabled=true -Dfile.encoding=utf8 -XX:+UseParallelGC -XX:GCTimeRatio=4 -XX:AdaptiveSizePolicyWeight=90 -Dsun.zip.disableMemoryMapping=true -Xmx2G -Xms100m -Xlog:disable -javaagent:c:\Users\mayur_yzg5bjf\.vscode\extensions\redhat.java-1.44.0-win32-x64\lombok\lombok-1.18.39-4050.jar -XX:+HeapDumpOnOutOfMemoryError -XX:HeapDumpPath=c:\Users\mayur_yzg5bjf\AppData\Roaming\Code\User\workspaceStorage\406b6ee4b75cde92aea634623b7a770a\redhat.java -Daether.dependencyCollector.impl=bf c:\Users\mayur_yzg5bjf\.vscode\extensions\redhat.java-1.44.0-win32-x64\server\plugins\org.eclipse.equinox.launcher_1.7.0.v20250519-0528.jar -configuration c:\Users\mayur_yzg5bjf\AppData\Roaming\Code\User\globalStorage\redhat.java\1.44.0\config_win -data c:\Users\mayur_yzg5bjf\AppData\Roaming\Code\User\workspaceStorage\406b6ee4b75cde92aea634623b7a770a\redhat.java\jdt_ws --pipe=\\.\pipe\lsp-85bd5a420dd84d361eb99da85f959533-sock

Host: AMD Ryzen 5 5500U with Radeon Graphics         , 12 cores, 15G,  Windows 11 , 64 bit Build 22621 (10.0.22621.5415)
Time: Tue Aug 12 11:21:27 2025 India Standard Time elapsed time: 818.930885 seconds (0d 0h 13m 38s)

---------------  T H R E A D  ---------------

Current thread (0x0000013f66a2da70):  JavaThread "Attach Listener" daemon [_thread_in_vm, id=27624, stack(0x00000020b0c00000,0x00000020b0d00000) (1024K)]

Stack: [0x00000020b0c00000,0x00000020b0d00000]
Native frames: (J=compiled Java code, j=interpreted, Vv=VM code, C=native code)
V  [jvm.dll+0x6d2449]
V  [jvm.dll+0x8ae341]
V  [jvm.dll+0x8b08be]
V  [jvm.dll+0x8b0fa3]
V  [jvm.dll+0x280c96]
V  [jvm.dll+0xc0347]
V  [jvm.dll+0x6d2cf9]
V  [jvm.dll+0x131116]
V  [jvm.dll+0x3f2d16]
V  [jvm.dll+0x857e6b]
V  [jvm.dll+0x6d0b0d]
C  [ucrtbase.dll+0x29333]
C  [KERNEL32.DLL+0x1259d]
C  [ntdll.dll+0x5af78]


---------------  P R O C E S S  ---------------

Threads class SMR info:
_java_thread_list=0x0000013f4aa21ec0, length=43, elements={
0x0000013f66982040, 0x0000013f6692d310, 0x0000013f6692e370, 0x0000013f66a2cae0,
0x0000013f66a2da70, 0x0000013f66a2f920, 0x0000013f66a30d30, 0x0000013f66a3b300,
0x0000013f7e671f70, 0x0000013f66a313c0, 0x0000013f66a306a0, 0x0000013f66a32770,
0x0000013f66a31a50, 0x0000013f66a320e0, 0x0000013f66a32e00, 0x0000013f66a33490,
0x0000013f66a33b20, 0x0000013f450e7dd0, 0x0000013f450e8af0, 0x0000013f450e9810,
0x0000013f47fb4b40, 0x0000013f47fb7fc0, 0x0000013f47fb51d0, 0x0000013f47fbadb0,
0x0000013f47fb5860, 0x0000013f47fb9370, 0x0000013f47fb5ef0, 0x0000013f47fb8ce0,
0x0000013f47fb44b0, 0x0000013f47fb9a00, 0x0000013f47fb6580, 0x0000013f47fb6c10,
0x0000013f47fb72a0, 0x0000013f47fb7930, 0x0000013f47fb8650, 0x0000013f47fba090,
0x0000013f46c45bb0, 0x0000013f46c45520, 0x0000013f46c48310, 0x0000013f46c46f60,
0x0000013f49436510, 0x0000013f49433db0, 0x0000013f49433720
}

Java Threads: ( => current thread )
  0x0000013f66982040 JavaThread "main"                              [_thread_blocked, id=8756, stack(0x00000020b0500000,0x00000020b0600000) (1024K)]
  0x0000013f6692d310 JavaThread "Reference Handler"          daemon [_thread_blocked, id=20056, stack(0x00000020b0900000,0x00000020b0a00000) (1024K)]
  0x0000013f6692e370 JavaThread "Finalizer"                  daemon [_thread_blocked, id=27740, stack(0x00000020b0a00000,0x00000020b0b00000) (1024K)]
  0x0000013f66a2cae0 JavaThread "Signal Dispatcher"          daemon [_thread_blocked, id=12156, stack(0x00000020b0b00000,0x00000020b0c00000) (1024K)]
=>0x0000013f66a2da70 JavaThread "Attach Listener"            daemon [_thread_in_vm, id=27624, stack(0x00000020b0c00000,0x00000020b0d00000) (1024K)]
  0x0000013f66a2f920 JavaThread "Service Thread"             daemon [_thread_blocked, id=19928, stack(0x00000020b0d00000,0x00000020b0e00000) (1024K)]
  0x0000013f66a30d30 JavaThread "Monitor Deflation Thread"   daemon [_thread_blocked, id=27696, stack(0x00000020b0e00000,0x00000020b0f00000) (1024K)]
  0x0000013f66a3b300 JavaThread "C2 CompilerThread0"         daemon [_thread_blocked, id=27724, stack(0x00000020b0f00000,0x00000020b1000000) (1024K)]
  0x0000013f7e671f70 JavaThread "C1 CompilerThread0"         daemon [_thread_blocked, id=27688, stack(0x00000020b1000000,0x00000020b1100000) (1024K)]
  0x0000013f66a313c0 JavaThread "Common-Cleaner"             daemon [_thread_blocked, id=14244, stack(0x00000020b1100000,0x00000020b1200000) (1024K)]
  0x0000013f66a306a0 JavaThread "Notification Thread"        daemon [_thread_blocked, id=8844, stack(0x00000020b1300000,0x00000020b1400000) (1024K)]
  0x0000013f66a32770 JavaThread "Active Thread: Equinox Container: 977dbb2b-f12d-49e5-9e75-8e06ab59dad7"        [_thread_blocked, id=18128, stack(0x00000020b1b00000,0x00000020b1c00000) (1024K)]
  0x0000013f66a31a50 JavaThread "Refresh Thread: Equinox Container: 977dbb2b-f12d-49e5-9e75-8e06ab59dad7" daemon [_thread_blocked, id=27672, stack(0x00000020b1d00000,0x00000020b1e00000) (1024K)]
  0x0000013f66a320e0 JavaThread "Framework Event Dispatcher: Equinox Container: 977dbb2b-f12d-49e5-9e75-8e06ab59dad7" daemon [_thread_blocked, id=1636, stack(0x00000020b1e00000,0x00000020b1f00000) (1024K)]
  0x0000013f66a32e00 JavaThread "Start Level: Equinox Container: 977dbb2b-f12d-49e5-9e75-8e06ab59dad7" daemon [_thread_blocked, id=27080, stack(0x00000020b1f00000,0x00000020b2000000) (1024K)]
  0x0000013f66a33490 JavaThread "Bundle File Closer"         daemon [_thread_blocked, id=26668, stack(0x00000020b2200000,0x00000020b2300000) (1024K)]
  0x0000013f66a33b20 JavaThread "SCR Component Actor"        daemon [_thread_blocked, id=27712, stack(0x00000020b2300000,0x00000020b2400000) (1024K)]
  0x0000013f450e7dd0 JavaThread "Worker-JM"                         [_thread_blocked, id=20240, stack(0x00000020b1400000,0x00000020b1500000) (1024K)]
  0x0000013f450e8af0 JavaThread "JNA Cleaner"                daemon [_thread_blocked, id=14696, stack(0x00000020b2500000,0x00000020b2600000) (1024K)]
  0x0000013f450e9810 JavaThread "Java indexing"              daemon [_thread_blocked, id=26300, stack(0x00000020b2b00000,0x00000020b2c00000) (1024K)]
  0x0000013f47fb4b40 JavaThread "Thread-2"                   daemon [_thread_in_native, id=26732, stack(0x00000020b2e00000,0x00000020b2f00000) (1024K)]
  0x0000013f47fb7fc0 JavaThread "Thread-3"                   daemon [_thread_in_native, id=26788, stack(0x00000020b2f00000,0x00000020b3000000) (1024K)]
  0x0000013f47fb51d0 JavaThread "Thread-4"                   daemon [_thread_in_native, id=26760, stack(0x00000020b3000000,0x00000020b3100000) (1024K)]
  0x0000013f47fbadb0 JavaThread "Thread-5"                   daemon [_thread_in_native, id=11764, stack(0x00000020b3100000,0x00000020b3200000) (1024K)]
  0x0000013f47fb5860 JavaThread "Thread-6"                   daemon [_thread_in_native, id=18120, stack(0x00000020b3200000,0x00000020b3300000) (1024K)]
  0x0000013f47fb9370 JavaThread "Thread-7"                   daemon [_thread_in_native, id=12960, stack(0x00000020b3300000,0x00000020b3400000) (1024K)]
  0x0000013f47fb5ef0 JavaThread "Thread-8"                   daemon [_thread_in_native, id=17488, stack(0x00000020b3400000,0x00000020b3500000) (1024K)]
  0x0000013f47fb8ce0 JavaThread "Thread-9"                   daemon [_thread_in_native, id=18528, stack(0x00000020b3500000,0x00000020b3600000) (1024K)]
  0x0000013f47fb44b0 JavaThread "Thread-10"                  daemon [_thread_in_native, id=23940, stack(0x00000020b3600000,0x00000020b3700000) (1024K)]
  0x0000013f47fb9a00 JavaThread "Thread-11"                  daemon [_thread_in_native, id=13696, stack(0x00000020b3700000,0x00000020b3800000) (1024K)]
  0x0000013f47fb6580 JavaThread "Thread-12"                  daemon [_thread_in_native, id=13396, stack(0x00000020b3800000,0x00000020b3900000) (1024K)]
  0x0000013f47fb6c10 JavaThread "Thread-13"                  daemon [_thread_in_native, id=13096, stack(0x00000020b3900000,0x00000020b3a00000) (1024K)]
  0x0000013f47fb72a0 JavaThread "Thread-14"                  daemon [_thread_in_native, id=21084, stack(0x00000020b3a00000,0x00000020b3b00000) (1024K)]
  0x0000013f47fb7930 JavaThread "pool-2-thread-1"                   [_thread_blocked, id=14860, stack(0x00000020b3b00000,0x00000020b3c00000) (1024K)]
  0x0000013f47fb8650 JavaThread "WorkspaceEventsHandler"            [_thread_blocked, id=24504, stack(0x00000020b3c00000,0x00000020b3d00000) (1024K)]
  0x0000013f47fba090 JavaThread "pool-1-thread-1"                   [_thread_blocked, id=26296, stack(0x00000020b3d00000,0x00000020b3e00000) (1024K)]
  0x0000013f46c45bb0 JavaThread "ForkJoinPool.commonPool-worker-6" daemon [_thread_blocked, id=28564, stack(0x00000020b5000000,0x00000020b5100000) (1024K)]
  0x0000013f46c45520 JavaThread "Worker-7"                          [_thread_blocked, id=4556, stack(0x00000020b0300000,0x00000020b0400000) (1024K)]
  0x0000013f46c48310 JavaThread "Worker-8"                          [_thread_blocked, id=8384, stack(0x00000020b2600000,0x00000020b2700000) (1024K)]
  0x0000013f46c46f60 JavaThread "Cleaner-0"                  daemon [_thread_blocked, id=22212, stack(0x00000020b2c00000,0x00000020b2d00000) (1024K)]
  0x0000013f49436510 JavaThread "Java Debug Server"          daemon [_thread_in_native, id=9192, stack(0x00000020b0400000,0x00000020b0500000) (1024K)]
  0x0000013f49433db0 JavaThread "RxSchedulerPurge-1"         daemon [_thread_blocked, id=14744, stack(0x00000020b4100000,0x00000020b4200000) (1024K)]
  0x0000013f49433720 JavaThread "RxCachedWorkerPoolEvictor-1" daemon [_thread_blocked, id=15480, stack(0x00000020b4200000,0x00000020b4300000) (1024K)]
Total: 43

Other Threads:
  0x0000013f66914970 VMThread "VM Thread"                           [id=14648, stack(0x00000020b0800000,0x00000020b0900000) (1024K)]
  0x0000013f6680ca10 WatcherThread "VM Periodic Task Thread"        [id=25668, stack(0x00000020b0700000,0x00000020b0800000) (1024K)]
  0x0000013f669a0480 WorkerThread "GC Thread#0"                     [id=27744, stack(0x00000020b0600000,0x00000020b0700000) (1024K)]
  0x0000013f7fa30280 WorkerThread "GC Thread#1"                     [id=16452, stack(0x00000020b1500000,0x00000020b1600000) (1024K)]
  0x0000013f7fab2ae0 WorkerThread "GC Thread#2"                     [id=27748, stack(0x00000020b1600000,0x00000020b1700000) (1024K)]
  0x0000013f7fab2e80 WorkerThread "GC Thread#3"                     [id=332, stack(0x00000020b1700000,0x00000020b1800000) (1024K)]
  0x0000013f7fb5cfe0 WorkerThread "GC Thread#4"                     [id=27760, stack(0x00000020b1800000,0x00000020b1900000) (1024K)]
  0x0000013f7fb5d380 WorkerThread "GC Thread#5"                     [id=28668, stack(0x00000020b1900000,0x00000020b1a00000) (1024K)]
  0x0000013f7f921cf0 WorkerThread "GC Thread#6"                     [id=25736, stack(0x00000020b1a00000,0x00000020b1b00000) (1024K)]
  0x0000013f45097d20 WorkerThread "GC Thread#7"                     [id=27016, stack(0x00000020b1c00000,0x00000020b1d00000) (1024K)]
  0x0000013f7fb42380 WorkerThread "GC Thread#8"                     [id=2860, stack(0x00000020b2000000,0x00000020b2100000) (1024K)]
  0x0000013f7fb42ac0 WorkerThread "GC Thread#9"                     [id=12608, stack(0x00000020b2100000,0x00000020b2200000) (1024K)]
Total: 12

Threads with active compile tasks:
Total: 0

VM state: not at safepoint (normal execution)

VM Mutex/Monitor currently owned by a thread: None

Heap address: 0x0000000080000000, size: 2048 MB, Compressed Oops mode: 32-bit

CDS archive(s) mapped at: [0x0000013f00000000-0x0000013f00ba0000-0x0000013f00ba0000), size 12189696, SharedBaseAddress: 0x0000013f00000000, ArchiveRelocationMode: 1.
Compressed class space mapped at: 0x0000013f01000000-0x0000013f41000000, reserved size: 1073741824
Narrow klass base: 0x0000013f00000000, Narrow klass shift: 0, Narrow klass range: 0x100000000

GC Precious Log:
 CardTable entry size: 512
 CPUs: 12 total, 12 available
 Memory: 15720M
 Large Page Support: Disabled
 NUMA Support: Disabled
 Compressed Oops: Enabled (32-bit)
 Alignments: Space 512K, Generation 512K, Heap 2M
 Heap Min Capacity: 100M
 Heap Initial Capacity: 100M
 Heap Max Capacity: 2G
 Pre-touch: Disabled
 Parallel Workers: 10

Heap:
 PSYoungGen      total 5632K, used 644K [0x00000000d5580000, 0x00000000d5e00000, 0x0000000100000000)
  eden space 3584K, 10% used [0x00000000d5580000,0x00000000d55e10b8,0x00000000d5900000)
  from space 2048K, 12% used [0x00000000d5a80000,0x00000000d5ac0000,0x00000000d5c80000)
  to   space 1024K, 0% used [0x00000000d5d00000,0x00000000d5d00000,0x00000000d5e00000)
 ParOldGen       total 658944K, used 658909K [0x0000000080000000, 0x00000000a8380000, 0x00000000d5580000)
  object space 658944K, 99% used [0x0000000080000000,0x00000000a8377678,0x00000000a8380000)
 Metaspace       used 78354K, committed 79872K, reserved 1179648K
  class space    used 8308K, committed 8960K, reserved 1048576K

Card table byte_map: [0x0000013f66320000,0x0000013f66730000] _byte_map_base: 0x0000013f65f20000

Marking Bits: (ParMarkBitMap*) 0x00007ffb7191a340
 Begin Bits: [0x0000013f78e20000, 0x0000013f7ae20000)
 End Bits:   [0x0000013f7ae20000, 0x0000013f7ce20000)

Polling page: 0x0000013f64820000

Metaspace:

Usage:
  Non-class:     68.40 MB used.
      Class:      8.11 MB used.
       Both:     76.52 MB used.

Virtual space:
  Non-class space:      128.00 MB reserved,      69.25 MB ( 54%) committed,  2 nodes.
      Class space:        1.00 GB reserved,       8.75 MB ( <1%) committed,  1 nodes.
             Both:        1.12 GB reserved,      78.00 MB (  7%) committed. 

Chunk freelists:
   Non-Class:  10.59 MB
       Class:  7.06 MB
        Both:  17.66 MB

MaxMetaspaceSize: unlimited
CompressedClassSpaceSize: 1.00 GB
Initial GC threshold: 21.00 MB
Current GC threshold: 97.31 MB
CDS: on
 - commit_granule_bytes: 65536.
 - commit_granule_words: 8192.
 - virtual_space_node_default_size: 8388608.
 - enlarge_chunks_in_place: 1.
 - use_allocation_guard: 0.


Internal statistics:

num_allocs_failed_limit: 9.
num_arena_births: 1418.
num_arena_deaths: 36.
num_vsnodes_births: 3.
num_vsnodes_deaths: 0.
num_space_committed: 1248.
num_space_uncommitted: 0.
num_chunks_returned_to_freelist: 48.
num_chunks_taken_from_freelist: 5051.
num_chunk_merges: 14.
num_chunk_splits: 3063.
num_chunks_enlarged: 1729.
num_inconsistent_stats: 0.

CodeHeap 'non-profiled nmethods': size=120000Kb used=11600Kb max_used=11600Kb free=108399Kb
 bounds [0x0000013f71640000, 0x0000013f721a0000, 0x0000013f78b70000]
CodeHeap 'profiled nmethods': size=120000Kb used=32720Kb max_used=32720Kb free=87279Kb
 bounds [0x0000013f69b70000, 0x0000013f6bb70000, 0x0000013f710a0000]
CodeHeap 'non-nmethods': size=5760Kb used=1521Kb max_used=1593Kb free=4238Kb
 bounds [0x0000013f710a0000, 0x0000013f71310000, 0x0000013f71640000]
CodeCache: size=245760Kb, used=45841Kb, max_used=45913Kb, free=199916Kb
 total_blobs=15063, nmethods=14217, adapters=746, full_count=0
Compilation: enabled, stopped_count=0, restarted_count=0

Compilation events (20 events):
Event: 627.229 Thread 0x0000013f48769ab0 14969       4       org.eclipse.jdt.core.search.SearchPattern::<init> (64 bytes)
Event: 627.230 Thread 0x0000013f48769ab0 nmethod 14969 0x0000013f7218c010 code [0x0000013f7218c1a0, 0x0000013f7218c2b8]
Event: 627.230 Thread 0x0000013f48769ab0 14971       4       org.eclipse.jdt.internal.core.search.matching.TypeDeclarationPattern::decodeModifiers (86 bytes)
Event: 627.232 Thread 0x0000013f48769ab0 nmethod 14971 0x0000013f7218c390 code [0x0000013f7218c520, 0x0000013f7218c628]
Event: 627.232 Thread 0x0000013f48769ab0 14994       4       org.eclipse.jdt.internal.core.util.ReferenceInfoAdapter::acceptTypeReference (1 bytes)
Event: 627.232 Thread 0x0000013f48769ab0 nmethod 14994 0x0000013f7218c690 code [0x0000013f7218c820, 0x0000013f7218c8a8]
Event: 627.232 Thread 0x0000013f48769ab0 14984       4       org.eclipse.jdt.internal.corext.dom.GenericVisitor::visit (6 bytes)
Event: 627.233 Thread 0x0000013f48769ab0 nmethod 14984 0x0000013f7218c990 code [0x0000013f7218cb20, 0x0000013f7218cbd0]
Event: 627.233 Thread 0x0000013f66a3b300 nmethod 14975 0x0000013f7218cc90 code [0x0000013f7218ce40, 0x0000013f7218d188]
Event: 627.287 Thread 0x0000013f48766430 nmethod 14940 0x0000013f7218d310 code [0x0000013f7218d8e0, 0x0000013f72190328]
Event: 667.268 Thread 0x0000013f7e671f70 15006   !   3       java.util.concurrent.locks.AbstractQueuedSynchronizer::acquire (424 bytes)
Event: 667.271 Thread 0x0000013f7e671f70 nmethod 15006 0x0000013f6bb61510 code [0x0000013f6bb618a0, 0x0000013f6bb63088]
Event: 671.271 Thread 0x0000013f66a3b300 15007       4       java.util.concurrent.ConcurrentHashMap$KeyIterator::next (34 bytes)
Event: 671.277 Thread 0x0000013f66a3b300 nmethod 15007 0x0000013f72192690 code [0x0000013f72192820, 0x0000013f72192a58]
Event: 693.262 Thread 0x0000013f7e671f70 15008   !   3       java.util.concurrent.locks.AbstractQueuedSynchronizer::tryInitializeHead (66 bytes)
Event: 693.263 Thread 0x0000013f7e671f70 nmethod 15008 0x0000013f6bb63890 code [0x0000013f6bb63a80, 0x0000013f6bb63fa8]
Event: 744.272 Thread 0x0000013f66a3b300 15009   !   4       java.util.concurrent.ThreadPoolExecutor::tryTerminate (177 bytes)
Event: 744.273 Thread 0x0000013f66a3b300 nmethod 15009 0x0000013f72192c10 code [0x0000013f72192da0, 0x0000013f72192e68]
Event: 746.259 Thread 0x0000013f66a3b300 15010   !   4       java.util.concurrent.ThreadPoolExecutor::purge (131 bytes)
Event: 746.282 Thread 0x0000013f66a3b300 nmethod 15010 0x0000013f72192f90 code [0x0000013f721931e0, 0x0000013f72193ad8]

GC Heap History (20 events):
Event: 623.955 GC heap before
{Heap before GC invocations=783 (full 3):
 PSYoungGen      total 4096K, used 3808K [0x00000000d5580000, 0x00000000d5b80000, 0x0000000100000000)
  eden space 3584K, 100% used [0x00000000d5580000,0x00000000d5900000,0x00000000d5900000)
  from space 512K, 43% used [0x00000000d5a80000,0x00000000d5ab8000,0x00000000d5b00000)
  to   space 512K, 0% used [0x00000000d5b00000,0x00000000d5b00000,0x00000000d5b80000)
 ParOldGen       total 650240K, used 650195K [0x0000000080000000, 0x00000000a7b00000, 0x00000000d5580000)
  object space 650240K, 99% used [0x0000000080000000,0x00000000a7af4fc8,0x00000000a7b00000)
 Metaspace       used 78253K, committed 79808K, reserved 1179648K
  class space    used 8303K, committed 8960K, reserved 1048576K
}
Event: 623.959 GC heap after
{Heap after GC invocations=783 (full 3):
 PSYoungGen      total 4096K, used 160K [0x00000000d5580000, 0x00000000d5b80000, 0x0000000100000000)
  eden space 3584K, 0% used [0x00000000d5580000,0x00000000d5580000,0x00000000d5900000)
  from space 512K, 31% used [0x00000000d5b00000,0x00000000d5b28000,0x00000000d5b80000)
  to   space 512K, 0% used [0x00000000d5a80000,0x00000000d5a80000,0x00000000d5b00000)
 ParOldGen       total 650240K, used 650219K [0x0000000080000000, 0x00000000a7b00000, 0x00000000d5580000)
  object space 650240K, 99% used [0x0000000080000000,0x00000000a7afafc8,0x00000000a7b00000)
 Metaspace       used 78253K, committed 79808K, reserved 1179648K
  class space    used 8303K, committed 8960K, reserved 1048576K
}
Event: 624.715 GC heap before
{Heap before GC invocations=784 (full 3):
 PSYoungGen      total 4096K, used 3744K [0x00000000d5580000, 0x00000000d5b80000, 0x0000000100000000)
  eden space 3584K, 100% used [0x00000000d5580000,0x00000000d5900000,0x00000000d5900000)
  from space 512K, 31% used [0x00000000d5b00000,0x00000000d5b28000,0x00000000d5b80000)
  to   space 512K, 0% used [0x00000000d5a80000,0x00000000d5a80000,0x00000000d5b00000)
 ParOldGen       total 650240K, used 650219K [0x0000000080000000, 0x00000000a7b00000, 0x00000000d5580000)
  object space 650240K, 99% used [0x0000000080000000,0x00000000a7afafc8,0x00000000a7b00000)
 Metaspace       used 78261K, committed 79808K, reserved 1179648K
  class space    used 8303K, committed 8960K, reserved 1048576K
}
Event: 624.719 GC heap after
{Heap after GC invocations=784 (full 3):
 PSYoungGen      total 4096K, used 491K [0x00000000d5580000, 0x00000000d5b80000, 0x0000000100000000)
  eden space 3584K, 0% used [0x00000000d5580000,0x00000000d5580000,0x00000000d5900000)
  from space 512K, 95% used [0x00000000d5a80000,0x00000000d5afac28,0x00000000d5b00000)
  to   space 512K, 0% used [0x00000000d5b00000,0x00000000d5b00000,0x00000000d5b80000)
 ParOldGen       total 650752K, used 650283K [0x0000000080000000, 0x00000000a7b80000, 0x00000000d5580000)
  object space 650752K, 99% used [0x0000000080000000,0x00000000a7b0afc8,0x00000000a7b80000)
 Metaspace       used 78261K, committed 79808K, reserved 1179648K
  class space    used 8303K, committed 8960K, reserved 1048576K
}
Event: 625.215 GC heap before
{Heap before GC invocations=785 (full 3):
 PSYoungGen      total 4096K, used 4075K [0x00000000d5580000, 0x00000000d5b80000, 0x0000000100000000)
  eden space 3584K, 100% used [0x00000000d5580000,0x00000000d5900000,0x00000000d5900000)
  from space 512K, 95% used [0x00000000d5a80000,0x00000000d5afac28,0x00000000d5b00000)
  to   space 512K, 0% used [0x00000000d5b00000,0x00000000d5b00000,0x00000000d5b80000)
 ParOldGen       total 650752K, used 650283K [0x0000000080000000, 0x00000000a7b80000, 0x00000000d5580000)
  object space 650752K, 99% used [0x0000000080000000,0x00000000a7b0afc8,0x00000000a7b80000)
 Metaspace       used 78301K, committed 79872K, reserved 1179648K
  class space    used 8308K, committed 8960K, reserved 1048576K
}
Event: 625.221 GC heap after
{Heap after GC invocations=785 (full 3):
 PSYoungGen      total 4096K, used 502K [0x00000000d5580000, 0x00000000d5d00000, 0x0000000100000000)
  eden space 3584K, 0% used [0x00000000d5580000,0x00000000d5580000,0x00000000d5900000)
  from space 512K, 98% used [0x00000000d5b00000,0x00000000d5b7d850,0x00000000d5b80000)
  to   space 2048K, 0% used [0x00000000d5900000,0x00000000d5900000,0x00000000d5b00000)
 ParOldGen       total 651264K, used 651180K [0x0000000080000000, 0x00000000a7c00000, 0x00000000d5580000)
  object space 651264K, 99% used [0x0000000080000000,0x00000000a7beb300,0x00000000a7c00000)
 Metaspace       used 78301K, committed 79872K, reserved 1179648K
  class space    used 8308K, committed 8960K, reserved 1048576K
}
Event: 625.251 GC heap before
{Heap before GC invocations=786 (full 3):
 PSYoungGen      total 4096K, used 4086K [0x00000000d5580000, 0x00000000d5d00000, 0x0000000100000000)
  eden space 3584K, 100% used [0x00000000d5580000,0x00000000d5900000,0x00000000d5900000)
  from space 512K, 98% used [0x00000000d5b00000,0x00000000d5b7d850,0x00000000d5b80000)
  to   space 2048K, 0% used [0x00000000d5900000,0x00000000d5900000,0x00000000d5b00000)
 ParOldGen       total 651264K, used 651180K [0x0000000080000000, 0x00000000a7c00000, 0x00000000d5580000)
  object space 651264K, 99% used [0x0000000080000000,0x00000000a7beb300,0x00000000a7c00000)
 Metaspace       used 78301K, committed 79872K, reserved 1179648K
  class space    used 8308K, committed 8960K, reserved 1048576K
}
Event: 625.256 GC heap after
{Heap after GC invocations=786 (full 3):
 PSYoungGen      total 5632K, used 2029K [0x00000000d5580000, 0x00000000d6200000, 0x0000000100000000)
  eden space 3584K, 0% used [0x00000000d5580000,0x00000000d5580000,0x00000000d5900000)
  from space 2048K, 99% used [0x00000000d5900000,0x00000000d5afb630,0x00000000d5b00000)
  to   space 4608K, 0% used [0x00000000d5d80000,0x00000000d5d80000,0x00000000d6200000)
 ParOldGen       total 653312K, used 652951K [0x0000000080000000, 0x00000000a7e00000, 0x00000000d5580000)
  object space 653312K, 99% used [0x0000000080000000,0x00000000a7da5fd0,0x00000000a7e00000)
 Metaspace       used 78301K, committed 79872K, reserved 1179648K
  class space    used 8308K, committed 8960K, reserved 1048576K
}
Event: 625.275 GC heap before
{Heap before GC invocations=787 (full 3):
 PSYoungGen      total 5632K, used 5613K [0x00000000d5580000, 0x00000000d6200000, 0x0000000100000000)
  eden space 3584K, 100% used [0x00000000d5580000,0x00000000d5900000,0x00000000d5900000)
  from space 2048K, 99% used [0x00000000d5900000,0x00000000d5afb630,0x00000000d5b00000)
  to   space 4608K, 0% used [0x00000000d5d80000,0x00000000d5d80000,0x00000000d6200000)
 ParOldGen       total 653312K, used 652951K [0x0000000080000000, 0x00000000a7e00000, 0x00000000d5580000)
  object space 653312K, 99% used [0x0000000080000000,0x00000000a7da5fd0,0x00000000a7e00000)
 Metaspace       used 78302K, committed 79872K, reserved 1179648K
  class space    used 8308K, committed 8960K, reserved 1048576K
}
Event: 625.278 GC heap after
{Heap after GC invocations=787 (full 3):
 PSYoungGen      total 4096K, used 320K [0x00000000d5580000, 0x00000000d5e00000, 0x0000000100000000)
  eden space 3584K, 0% used [0x00000000d5580000,0x00000000d5580000,0x00000000d5900000)
  from space 512K, 62% used [0x00000000d5d80000,0x00000000d5dd0000,0x00000000d5e00000)
  to   space 2048K, 0% used [0x00000000d5a00000,0x00000000d5a00000,0x00000000d5c00000)
 ParOldGen       total 653312K, used 653095K [0x0000000080000000, 0x00000000a7e00000, 0x00000000d5580000)
  object space 653312K, 99% used [0x0000000080000000,0x00000000a7dc9fd0,0x00000000a7e00000)
 Metaspace       used 78302K, committed 79872K, reserved 1179648K
  class space    used 8308K, committed 8960K, reserved 1048576K
}
Event: 625.325 GC heap before
{Heap before GC invocations=788 (full 3):
 PSYoungGen      total 4096K, used 3904K [0x00000000d5580000, 0x00000000d5e00000, 0x0000000100000000)
  eden space 3584K, 100% used [0x00000000d5580000,0x00000000d5900000,0x00000000d5900000)
  from space 512K, 62% used [0x00000000d5d80000,0x00000000d5dd0000,0x00000000d5e00000)
  to   space 2048K, 0% used [0x00000000d5a00000,0x00000000d5a00000,0x00000000d5c00000)
 ParOldGen       total 653312K, used 653095K [0x0000000080000000, 0x00000000a7e00000, 0x00000000d5580000)
  object space 653312K, 99% used [0x0000000080000000,0x00000000a7dc9fd0,0x00000000a7e00000)
 Metaspace       used 78320K, committed 79872K, reserved 1179648K
  class space    used 8308K, committed 8960K, reserved 1048576K
}
Event: 625.328 GC heap after
{Heap after GC invocations=788 (full 3):
 PSYoungGen      total 5632K, used 320K [0x00000000d5580000, 0x00000000d5e00000, 0x0000000100000000)
  eden space 3584K, 0% used [0x00000000d5580000,0x00000000d5580000,0x00000000d5900000)
  from space 2048K, 15% used [0x00000000d5a00000,0x00000000d5a50000,0x00000000d5c00000)
  to   space 1024K, 0% used [0x00000000d5d00000,0x00000000d5d00000,0x00000000d5e00000)
 ParOldGen       total 653824K, used 653321K [0x0000000080000000, 0x00000000a7e80000, 0x00000000d5580000)
  object space 653824K, 99% used [0x0000000080000000,0x00000000a7e027e0,0x00000000a7e80000)
 Metaspace       used 78320K, committed 79872K, reserved 1179648K
  class space    used 8308K, committed 8960K, reserved 1048576K
}
Event: 627.090 GC heap before
{Heap before GC invocations=789 (full 3):
 PSYoungGen      total 5632K, used 3904K [0x00000000d5580000, 0x00000000d5e00000, 0x0000000100000000)
  eden space 3584K, 100% used [0x00000000d5580000,0x00000000d5900000,0x00000000d5900000)
  from space 2048K, 15% used [0x00000000d5a00000,0x00000000d5a50000,0x00000000d5c00000)
  to   space 1024K, 0% used [0x00000000d5d00000,0x00000000d5d00000,0x00000000d5e00000)
 ParOldGen       total 653824K, used 653321K [0x0000000080000000, 0x00000000a7e80000, 0x00000000d5580000)
  object space 653824K, 99% used [0x0000000080000000,0x00000000a7e027e0,0x00000000a7e80000)
 Metaspace       used 78338K, committed 79872K, reserved 1179648K
  class space    used 8308K, committed 8960K, reserved 1048576K
}
Event: 627.094 GC heap after
{Heap after GC invocations=789 (full 3):
 PSYoungGen      total 4608K, used 1006K [0x00000000d5580000, 0x00000000d5e00000, 0x0000000100000000)
  eden space 3584K, 0% used [0x00000000d5580000,0x00000000d5580000,0x00000000d5900000)
  from space 1024K, 98% used [0x00000000d5d00000,0x00000000d5dfbaa8,0x00000000d5e00000)
  to   space 2560K, 0% used [0x00000000d5900000,0x00000000d5900000,0x00000000d5b80000)
 ParOldGen       total 654848K, used 654438K [0x0000000080000000, 0x00000000a7f80000, 0x00000000d5580000)
  object space 654848K, 99% used [0x0000000080000000,0x00000000a7f19be0,0x00000000a7f80000)
 Metaspace       used 78338K, committed 79872K, reserved 1179648K
  class space    used 8308K, committed 8960K, reserved 1048576K
}
Event: 627.115 GC heap before
{Heap before GC invocations=790 (full 3):
 PSYoungGen      total 4608K, used 4590K [0x00000000d5580000, 0x00000000d5e00000, 0x0000000100000000)
  eden space 3584K, 100% used [0x00000000d5580000,0x00000000d5900000,0x00000000d5900000)
  from space 1024K, 98% used [0x00000000d5d00000,0x00000000d5dfbaa8,0x00000000d5e00000)
  to   space 2560K, 0% used [0x00000000d5900000,0x00000000d5900000,0x00000000d5b80000)
 ParOldGen       total 654848K, used 654438K [0x0000000080000000, 0x00000000a7f80000, 0x00000000d5580000)
  object space 654848K, 99% used [0x0000000080000000,0x00000000a7f19be0,0x00000000a7f80000)
 Metaspace       used 78338K, committed 79872K, reserved 1179648K
  class space    used 8308K, committed 8960K, reserved 1048576K
}
Event: 627.122 GC heap after
{Heap after GC invocations=790 (full 3):
 PSYoungGen      total 6144K, used 2560K [0x00000000d5580000, 0x00000000d6200000, 0x0000000100000000)
  eden space 3584K, 0% used [0x00000000d5580000,0x00000000d5580000,0x00000000d5900000)
  from space 2560K, 100% used [0x00000000d5900000,0x00000000d5b80000,0x00000000d5b80000)
  to   space 4608K, 0% used [0x00000000d5d80000,0x00000000d5d80000,0x00000000d6200000)
 ParOldGen       total 655872K, used 655794K [0x0000000080000000, 0x00000000a8080000, 0x00000000d5580000)
  object space 655872K, 99% used [0x0000000080000000,0x00000000a806cb08,0x00000000a8080000)
 Metaspace       used 78338K, committed 79872K, reserved 1179648K
  class space    used 8308K, committed 8960K, reserved 1048576K
}
Event: 627.137 GC heap before
{Heap before GC invocations=791 (full 3):
 PSYoungGen      total 6144K, used 6144K [0x00000000d5580000, 0x00000000d6200000, 0x0000000100000000)
  eden space 3584K, 100% used [0x00000000d5580000,0x00000000d5900000,0x00000000d5900000)
  from space 2560K, 100% used [0x00000000d5900000,0x00000000d5b80000,0x00000000d5b80000)
  to   space 4608K, 0% used [0x00000000d5d80000,0x00000000d5d80000,0x00000000d6200000)
 ParOldGen       total 655872K, used 655794K [0x0000000080000000, 0x00000000a8080000, 0x00000000d5580000)
  object space 655872K, 99% used [0x0000000080000000,0x00000000a806cb08,0x00000000a8080000)
 Metaspace       used 78338K, committed 79872K, reserved 1179648K
  class space    used 8308K, committed 8960K, reserved 1048576K
}
Event: 627.145 GC heap after
{Heap after GC invocations=791 (full 3):
 PSYoungGen      total 4608K, used 832K [0x00000000d5580000, 0x00000000d5e80000, 0x0000000100000000)
  eden space 3584K, 0% used [0x00000000d5580000,0x00000000d5580000,0x00000000d5900000)
  from space 1024K, 81% used [0x00000000d5d80000,0x00000000d5e50000,0x00000000d5e80000)
  to   space 2048K, 0% used [0x00000000d5a80000,0x00000000d5a80000,0x00000000d5c80000)
 ParOldGen       total 658432K, used 658258K [0x0000000080000000, 0x00000000a8300000, 0x00000000d5580000)
  object space 658432K, 99% used [0x0000000080000000,0x00000000a82d4b08,0x00000000a8300000)
 Metaspace       used 78338K, committed 79872K, reserved 1179648K
  class space    used 8308K, committed 8960K, reserved 1048576K
}
Event: 627.185 GC heap before
{Heap before GC invocations=792 (full 3):
 PSYoungGen      total 4608K, used 4416K [0x00000000d5580000, 0x00000000d5e80000, 0x0000000100000000)
  eden space 3584K, 100% used [0x00000000d5580000,0x00000000d5900000,0x00000000d5900000)
  from space 1024K, 81% used [0x00000000d5d80000,0x00000000d5e50000,0x00000000d5e80000)
  to   space 2048K, 0% used [0x00000000d5a80000,0x00000000d5a80000,0x00000000d5c80000)
 ParOldGen       total 658432K, used 658258K [0x0000000080000000, 0x00000000a8300000, 0x00000000d5580000)
  object space 658432K, 99% used [0x0000000080000000,0x00000000a82d4b08,0x00000000a8300000)
 Metaspace       used 78354K, committed 79872K, reserved 1179648K
  class space    used 8308K, committed 8960K, reserved 1048576K
}
Event: 627.189 GC heap after
{Heap after GC invocations=792 (full 3):
 PSYoungGen      total 5632K, used 256K [0x00000000d5580000, 0x00000000d5e00000, 0x0000000100000000)
  eden space 3584K, 0% used [0x00000000d5580000,0x00000000d5580000,0x00000000d5900000)
  from space 2048K, 12% used [0x00000000d5a80000,0x00000000d5ac0000,0x00000000d5c80000)
  to   space 1024K, 0% used [0x00000000d5d00000,0x00000000d5d00000,0x00000000d5e00000)
 ParOldGen       total 658944K, used 658909K [0x0000000080000000, 0x00000000a8380000, 0x00000000d5580000)
  object space 658944K, 99% used [0x0000000080000000,0x00000000a8377678,0x00000000a8380000)
 Metaspace       used 78354K, committed 79872K, reserved 1179648K
  class space    used 8308K, committed 8960K, reserved 1048576K
}

Dll operation events (12 events):
Event: 0.018 Loaded shared library c:\Users\mayur_yzg5bjf\.vscode\extensions\redhat.java-1.44.0-win32-x64\jre\21.0.8-win32-x86_64\bin\java.dll
Event: 0.140 Loaded shared library c:\Users\mayur_yzg5bjf\.vscode\extensions\redhat.java-1.44.0-win32-x64\jre\21.0.8-win32-x86_64\bin\zip.dll
Event: 0.177 Loaded shared library C:\Users\mayur_yzg5bjf\.vscode\extensions\redhat.java-1.44.0-win32-x64\jre\21.0.8-win32-x86_64\bin\instrument.dll
Event: 0.186 Loaded shared library C:\Users\mayur_yzg5bjf\.vscode\extensions\redhat.java-1.44.0-win32-x64\jre\21.0.8-win32-x86_64\bin\net.dll
Event: 0.191 Loaded shared library C:\Users\mayur_yzg5bjf\.vscode\extensions\redhat.java-1.44.0-win32-x64\jre\21.0.8-win32-x86_64\bin\nio.dll
Event: 0.197 Loaded shared library C:\Users\mayur_yzg5bjf\.vscode\extensions\redhat.java-1.44.0-win32-x64\jre\21.0.8-win32-x86_64\bin\zip.dll
Event: 0.239 Loaded shared library C:\Users\mayur_yzg5bjf\.vscode\extensions\redhat.java-1.44.0-win32-x64\jre\21.0.8-win32-x86_64\bin\jimage.dll
Event: 0.432 Loaded shared library c:\Users\mayur_yzg5bjf\.vscode\extensions\redhat.java-1.44.0-win32-x64\jre\21.0.8-win32-x86_64\bin\verify.dll
Event: 2.660 Loaded shared library C:\Users\mayur_yzg5bjf\AppData\Roaming\Code\User\globalStorage\redhat.java\1.44.0\config_win\org.eclipse.equinox.launcher\org.eclipse.equinox.launcher.win32.win32.x86_64_1.2.1400.v20250730-1736\eclipse_11913.dll
Event: 5.132 Loaded shared library C:\Users\mayur_yzg5bjf\AppData\Local\Temp\jna--409863502\jna3414209585450204613.dll
Event: 8.284 Loaded shared library C:\Users\mayur_yzg5bjf\.vscode\extensions\redhat.java-1.44.0-win32-x64\jre\21.0.8-win32-x86_64\bin\sunmscapi.dll
Event: 8.955 Loaded shared library C:\Users\mayur_yzg5bjf\.vscode\extensions\redhat.java-1.44.0-win32-x64\jre\21.0.8-win32-x86_64\bin\extnet.dll

Deoptimization events (20 events):
Event: 624.735 Thread 0x0000013f46c468d0 Uncommon trap: trap_request=0xffffffde fr.pc=0x0000013f7204c56c relative=0x00000000000009cc
Event: 624.735 Thread 0x0000013f46c468d0 Uncommon trap: reason=class_check action=maybe_recompile pc=0x0000013f7204c56c method=org.eclipse.jdt.internal.compiler.lookup.ClassScope.buildFields()V @ 56 c2
Event: 624.735 Thread 0x0000013f46c468d0 DEOPT PACKING pc=0x0000013f7204c56c sp=0x00000020b51fe4f0
Event: 624.735 Thread 0x0000013f46c468d0 DEOPT UNPACKING pc=0x0000013f710f3aa2 sp=0x00000020b51fe458 mode 2
Event: 625.259 Thread 0x0000013f49431650 DEOPT PACKING pc=0x0000013f6b260325 sp=0x00000020b28fede0
Event: 625.259 Thread 0x0000013f49431650 DEOPT UNPACKING pc=0x0000013f710f4242 sp=0x00000020b28fe278 mode 0
Event: 627.077 Thread 0x0000013f46c468d0 Uncommon trap: trap_request=0xffffffe4 fr.pc=0x0000013f7216a5e0 relative=0x00000000000001e0
Event: 627.077 Thread 0x0000013f46c468d0 Uncommon trap: reason=range_check action=make_not_entrant pc=0x0000013f7216a5e0 method=org.eclipse.jdt.internal.compiler.lookup.Scope.getBaseType([C)Lorg/eclipse/jdt/internal/compiler/lookup/TypeBinding; @ 16 c2
Event: 627.077 Thread 0x0000013f46c468d0 DEOPT PACKING pc=0x0000013f7216a5e0 sp=0x00000020b51fe3a0
Event: 627.077 Thread 0x0000013f46c468d0 DEOPT UNPACKING pc=0x0000013f710f3aa2 sp=0x00000020b51fe328 mode 2
Event: 627.108 Thread 0x0000013f46c468d0 DEOPT PACKING pc=0x0000013f6b260325 sp=0x00000020b51fd790
Event: 627.108 Thread 0x0000013f46c468d0 DEOPT UNPACKING pc=0x0000013f710f4242 sp=0x00000020b51fcc28 mode 0
Event: 627.133 Thread 0x0000013f46c468d0 DEOPT PACKING pc=0x0000013f6b260325 sp=0x00000020b51fe430
Event: 627.133 Thread 0x0000013f46c468d0 DEOPT UNPACKING pc=0x0000013f710f4242 sp=0x00000020b51fd8c8 mode 0
Event: 627.166 Thread 0x0000013f46c468d0 DEOPT PACKING pc=0x0000013f6b283f0f sp=0x00000020b51fd5b0
Event: 627.166 Thread 0x0000013f46c468d0 DEOPT UNPACKING pc=0x0000013f710f4242 sp=0x00000020b51fca88 mode 0
Event: 627.183 Thread 0x0000013f46c468d0 Uncommon trap: trap_request=0xffffffde fr.pc=0x0000013f7204c56c relative=0x00000000000009cc
Event: 627.183 Thread 0x0000013f46c468d0 Uncommon trap: reason=class_check action=maybe_recompile pc=0x0000013f7204c56c method=org.eclipse.jdt.internal.compiler.lookup.ClassScope.buildFields()V @ 56 c2
Event: 627.183 Thread 0x0000013f46c468d0 DEOPT PACKING pc=0x0000013f7204c56c sp=0x00000020b51fe530
Event: 627.183 Thread 0x0000013f46c468d0 DEOPT UNPACKING pc=0x0000013f710f3aa2 sp=0x00000020b51fe498 mode 2

Classes loaded (20 events):
Event: 332.547 Loading class java/util/stream/SliceOps
Event: 332.548 Loading class java/util/stream/SliceOps done
Event: 332.548 Loading class java/util/stream/SliceOps$1
Event: 332.548 Loading class java/util/stream/SliceOps$1 done
Event: 332.559 Loading class java/util/stream/SliceOps$1$1
Event: 332.559 Loading class java/util/stream/SliceOps$1$1 done
Event: 332.573 Loading class java/util/concurrent/CompletableFuture$UniWhenComplete
Event: 332.573 Loading class java/util/concurrent/CompletableFuture$UniWhenComplete done
Event: 332.576 Loading class java/util/concurrent/CompletableFuture$UniCompose
Event: 332.577 Loading class java/util/concurrent/CompletableFuture$UniCompose done
Event: 332.577 Loading class java/util/concurrent/CompletableFuture$UniRelay
Event: 332.577 Loading class java/util/concurrent/CompletableFuture$UniRelay done
Event: 333.262 Loading class java/util/concurrent/ScheduledThreadPoolExecutor$DelayedWorkQueue$Itr
Event: 333.262 Loading class java/util/concurrent/ScheduledThreadPoolExecutor$DelayedWorkQueue$Itr done
Event: 333.926 Loading class java/lang/ProcessHandleImpl$ExitCompletion
Event: 333.926 Loading class java/lang/ProcessHandleImpl$ExitCompletion done
Event: 333.926 Loading class java/lang/ProcessHandleImpl$1
Event: 333.926 Loading class java/lang/ProcessHandleImpl$1 done
Event: 333.927 Loading class java/util/concurrent/CompletableFuture$UniHandle
Event: 333.927 Loading class java/util/concurrent/CompletableFuture$UniHandle done

Classes unloaded (18 events):
Event: 6.128 Thread 0x0000013f66914970 Unloading class 0x0000013f011a5000 'java/lang/invoke/LambdaForm$MH+0x0000013f011a5000'
Event: 6.128 Thread 0x0000013f66914970 Unloading class 0x0000013f011a4c00 'java/lang/invoke/LambdaForm$MH+0x0000013f011a4c00'
Event: 6.128 Thread 0x0000013f66914970 Unloading class 0x0000013f011a4800 'java/lang/invoke/LambdaForm$MH+0x0000013f011a4800'
Event: 6.128 Thread 0x0000013f66914970 Unloading class 0x0000013f011a4400 'java/lang/invoke/LambdaForm$MH+0x0000013f011a4400'
Event: 6.128 Thread 0x0000013f66914970 Unloading class 0x0000013f011a4000 'java/lang/invoke/LambdaForm$BMH+0x0000013f011a4000'
Event: 6.128 Thread 0x0000013f66914970 Unloading class 0x0000013f011a3c00 'java/lang/invoke/LambdaForm$DMH+0x0000013f011a3c00'
Event: 6.128 Thread 0x0000013f66914970 Unloading class 0x0000013f011a2800 'java/lang/invoke/LambdaForm$DMH+0x0000013f011a2800'
Event: 8.421 Thread 0x0000013f66914970 Unloading class 0x0000013f012de400 'java/lang/invoke/LambdaForm$MH+0x0000013f012de400'
Event: 8.421 Thread 0x0000013f66914970 Unloading class 0x0000013f012dd800 'java/lang/invoke/LambdaForm$MH+0x0000013f012dd800'
Event: 8.421 Thread 0x0000013f66914970 Unloading class 0x0000013f012dd000 'java/lang/invoke/LambdaForm$MH+0x0000013f012dd000'
Event: 8.421 Thread 0x0000013f66914970 Unloading class 0x0000013f012dc800 'java/lang/invoke/LambdaForm$MH+0x0000013f012dc800'
Event: 8.421 Thread 0x0000013f66914970 Unloading class 0x0000013f012dbc00 'java/lang/invoke/LambdaForm$MH+0x0000013f012dbc00'
Event: 8.421 Thread 0x0000013f66914970 Unloading class 0x0000013f012d8400 'java/lang/invoke/LambdaForm$MH+0x0000013f012d8400'
Event: 8.421 Thread 0x0000013f66914970 Unloading class 0x0000013f012d3c00 'java/lang/invoke/LambdaForm$MH+0x0000013f012d3c00'
Event: 8.421 Thread 0x0000013f66914970 Unloading class 0x0000013f012d3400 'java/lang/invoke/LambdaForm$MH+0x0000013f012d3400'
Event: 8.421 Thread 0x0000013f66914970 Unloading class 0x0000013f012d2c00 'java/lang/invoke/LambdaForm$MH+0x0000013f012d2c00'
Event: 8.421 Thread 0x0000013f66914970 Unloading class 0x0000013f012d2800 'java/lang/invoke/LambdaForm$MH+0x0000013f012d2800'
Event: 8.421 Thread 0x0000013f66914970 Unloading class 0x0000013f012d1c00 'java/lang/invoke/LambdaForm$MH+0x0000013f012d1c00'

Classes redefined (0 events):
No events

Internal exceptions (20 events):
Event: 332.421 Thread 0x0000013f47fba090 Exception <a 'sun/nio/fs/WindowsException'{0x00000000d56705c0}> (0x00000000d56705c0) 
thrown [s\src\hotspot\share\prims\jni.cpp, line 520]
Event: 332.421 Thread 0x0000013f47fba090 Exception <a 'sun/nio/fs/WindowsException'{0x00000000d5670ec0}> (0x00000000d5670ec0) 
thrown [s\src\hotspot\share\prims\jni.cpp, line 520]
Event: 332.422 Thread 0x0000013f47fba090 Exception <a 'sun/nio/fs/WindowsException'{0x00000000d567f8f8}> (0x00000000d567f8f8) 
thrown [s\src\hotspot\share\prims\jni.cpp, line 520]
Event: 332.422 Thread 0x0000013f47fba090 Exception <a 'sun/nio/fs/WindowsException'{0x00000000d567ffa8}> (0x00000000d567ffa8) 
thrown [s\src\hotspot\share\prims\jni.cpp, line 520]
Event: 332.426 Thread 0x0000013f47fba090 Exception <a 'sun/nio/fs/WindowsException'{0x00000000d5586160}> (0x00000000d5586160) 
thrown [s\src\hotspot\share\prims\jni.cpp, line 520]
Event: 332.426 Thread 0x0000013f47fba090 Exception <a 'sun/nio/fs/WindowsException'{0x00000000d5586a60}> (0x00000000d5586a60) 
thrown [s\src\hotspot\share\prims\jni.cpp, line 520]
Event: 332.524 Thread 0x0000013f49436ba0 Exception <a 'java/lang/NoSuchMethodError'{0x00000000d566f1e0}: 'java.lang.Object java.lang.invoke.DirectMethodHandle$Holder.invokeStatic(java.lang.Object, long, java.lang.Object, java.lang.Object)'> (0x00000000d566f1e0) 
thrown [s\src\hotspot\share\interpreter\linkResolver.cpp, line 773]
Event: 333.766 Thread 0x0000013f49437230 Exception <a 'java/lang/NoSuchMethodError'{0x00000000d55b19b0}: 'long java.lang.invoke.DelegatingMethodHandle$Holder.reinvoke_L(java.lang.Object, java.lang.Object)'> (0x00000000d55b19b0) 
thrown [s\src\hotspot\share\interpreter\linkResolver.cpp, line 773]
Event: 333.770 Thread 0x0000013f49437230 Exception <a 'java/lang/NoSuchMethodError'{0x00000000d55bc440}: 'void java.lang.invoke.DelegatingMethodHandle$Holder.reinvoke_L(java.lang.Object, java.lang.Object, long)'> (0x00000000d55bc440) 
thrown [s\src\hotspot\share\interpreter\linkResolver.cpp, line 773]
Event: 333.928 Thread 0x0000013f49437230 Exception <a 'java/lang/NoSuchMethodError'{0x00000000d55b75a0}: 'long java.lang.invoke.Invokers$Holder.invokeExact_MT(java.lang.Object, java.lang.Object, java.lang.Object)'> (0x00000000d55b75a0) 
thrown [s\src\hotspot\share\interpreter\linkResolver.cpp, line 773]
Event: 356.188 Thread 0x0000013f49431ce0 Exception <a 'java/lang/NoSuchMethodError'{0x00000000d55d41b0}: 'java.lang.Object java.lang.invoke.DirectMethodHandle$Holder.newInvokeSpecial(java.lang.Object, java.lang.Object, java.lang.Object, java.lang.Object, java.lang.Object, java.lang.Object, java.lang.Object)'> (0x00000000d55d41b0) 
thrown [s\src\hotspot\share\interpreter\linkResolver.cpp, line 773]
Event: 356.284 Thread 0x0000013f49431ce0 Exception <a 'java/lang/ArrayIndexOutOfBoundsException'{0x00000000d55d5da0}: Index 38409 out of bounds for length 38409> (0x00000000d55d5da0) 
thrown [s\src\hotspot\share\interpreter\interpreterRuntime.cpp, line 439]
Event: 356.630 Thread 0x0000013f49431ce0 Exception <a 'java/lang/ArrayIndexOutOfBoundsException'{0x00000000d56d0470}> (0x00000000d56d0470) 
thrown [s\src\hotspot\share\runtime\sharedRuntime.cpp, line 625]
Event: 515.498 Thread 0x0000013f49431650 Exception <a 'java/lang/ArrayIndexOutOfBoundsException'{0x00000000d55f70e8}> (0x00000000d55f70e8) 
thrown [s\src\hotspot\share\runtime\sharedRuntime.cpp, line 625]
Event: 515.734 Thread 0x0000013f49431650 Exception <a 'java/lang/ArrayIndexOutOfBoundsException'{0x00000000d5753600}> (0x00000000d5753600) 
thrown [s\src\hotspot\share\runtime\sharedRuntime.cpp, line 625]
Event: 530.807 Thread 0x0000013f46c468d0 Exception <a 'java/lang/NoSuchMethodError'{0x00000000d576a8e8}: 'void java.lang.invoke.DirectMethodHandle$Holder.invokeSpecial(java.lang.Object, java.lang.Object, int)'> (0x00000000d576a8e8) 
thrown [s\src\hotspot\share\interpreter\linkResolver.cpp, line 773]
Event: 624.731 Thread 0x0000013f46c468d0 Exception <a 'java/lang/ArrayIndexOutOfBoundsException'{0x00000000d56f4d50}> (0x00000000d56f4d50) 
thrown [s\src\hotspot\share\runtime\sharedRuntime.cpp, line 625]
Event: 625.205 Thread 0x0000013f46c468d0 Exception <a 'java/lang/ArrayIndexOutOfBoundsException'{0x00000000d585ccc0}> (0x00000000d585ccc0) 
thrown [s\src\hotspot\share\runtime\sharedRuntime.cpp, line 625]
Event: 627.068 Thread 0x0000013f46c468d0 Exception <a 'java/lang/ArrayIndexOutOfBoundsException'{0x00000000d569dc10}> (0x00000000d569dc10) 
thrown [s\src\hotspot\share\runtime\sharedRuntime.cpp, line 625]
Event: 627.180 Thread 0x0000013f46c468d0 Exception <a 'java/lang/ArrayIndexOutOfBoundsException'{0x00000000d589a340}> (0x00000000d589a340) 
thrown [s\src\hotspot\share\runtime\sharedRuntime.cpp, line 625]

ZGC Phase Switch (0 events):
No events

VM Operations (20 events):
Event: 625.251 Executing VM operation: ParallelGCFailedAllocation (Allocation Failure)
Event: 625.257 Executing VM operation: ParallelGCFailedAllocation (Allocation Failure) done
Event: 625.275 Executing VM operation: ParallelGCFailedAllocation (Allocation Failure)
Event: 625.278 Executing VM operation: ParallelGCFailedAllocation (Allocation Failure) done
Event: 625.325 Executing VM operation: ParallelGCFailedAllocation (Allocation Failure)
Event: 625.328 Executing VM operation: ParallelGCFailedAllocation (Allocation Failure) done
Event: 626.330 Executing VM operation: Cleanup
Event: 626.330 Executing VM operation: Cleanup done
Event: 627.089 Executing VM operation: ParallelGCFailedAllocation (Allocation Failure)
Event: 627.094 Executing VM operation: ParallelGCFailedAllocation (Allocation Failure) done
Event: 627.115 Executing VM operation: ParallelGCFailedAllocation (Allocation Failure)
Event: 627.122 Executing VM operation: ParallelGCFailedAllocation (Allocation Failure) done
Event: 627.137 Executing VM operation: ParallelGCFailedAllocation (Allocation Failure)
Event: 627.145 Executing VM operation: ParallelGCFailedAllocation (Allocation Failure) done
Event: 627.185 Executing VM operation: ParallelGCFailedAllocation (Allocation Failure)
Event: 627.189 Executing VM operation: ParallelGCFailedAllocation (Allocation Failure) done
Event: 661.704 Executing VM operation: HandshakeAllThreads (HandshakeForDeflation)
Event: 661.704 Executing VM operation: HandshakeAllThreads (HandshakeForDeflation) done
Event: 661.704 Executing VM operation: RendezvousGCThreads
Event: 661.704 Executing VM operation: RendezvousGCThreads done

Memory protections (0 events):
No events

Nmethod flushes (20 events):
Event: 14.819 Thread 0x0000013f66914970 flushing  nmethod 0x0000013f6a446e10
Event: 14.819 Thread 0x0000013f66914970 flushing  nmethod 0x0000013f6a447910
Event: 14.819 Thread 0x0000013f66914970 flushing  nmethod 0x0000013f6a44e410
Event: 14.819 Thread 0x0000013f66914970 flushing  nmethod 0x0000013f6a44fc10
Event: 14.819 Thread 0x0000013f66914970 flushing  nmethod 0x0000013f6a450210
Event: 14.819 Thread 0x0000013f66914970 flushing  nmethod 0x0000013f6a451790
Event: 14.819 Thread 0x0000013f66914970 flushing  nmethod 0x0000013f6a451b10
Event: 14.819 Thread 0x0000013f66914970 flushing  nmethod 0x0000013f6a452c90
Event: 14.819 Thread 0x0000013f66914970 flushing  nmethod 0x0000013f6a453190
Event: 14.819 Thread 0x0000013f66914970 flushing  nmethod 0x0000013f6a456490
Event: 14.819 Thread 0x0000013f66914970 flushing  nmethod 0x0000013f6a456810
Event: 14.819 Thread 0x0000013f66914970 flushing  nmethod 0x0000013f6a457290
Event: 14.819 Thread 0x0000013f66914970 flushing  nmethod 0x0000013f6a457690
Event: 14.819 Thread 0x0000013f66914970 flushing  nmethod 0x0000013f6a457a10
Event: 14.819 Thread 0x0000013f66914970 flushing  nmethod 0x0000013f6a457f90
Event: 14.819 Thread 0x0000013f66914970 flushing  nmethod 0x0000013f6a466b90
Event: 14.819 Thread 0x0000013f66914970 flushing  nmethod 0x0000013f6a467290
Event: 14.819 Thread 0x0000013f66914970 flushing  nmethod 0x0000013f6a46e190
Event: 14.819 Thread 0x0000013f66914970 flushing  nmethod 0x0000013f6a46e590
Event: 14.819 Thread 0x0000013f66914970 flushing  nmethod 0x0000013f6a481f10

Events (20 events):
Event: 611.775 Thread 0x0000013f46c475f0 Thread exited: 0x0000013f46c475f0
Event: 613.167 Thread 0x0000013f46c48310 Thread added: 0x0000013f494302a0
Event: 613.168 Thread 0x0000013f494302a0 Thread exited: 0x0000013f494302a0
Event: 613.922 Thread 0x0000013f46c47c80 Thread exited: 0x0000013f46c47c80
Event: 615.147 Thread 0x0000013f7e671f70 Thread added: 0x0000013f48768d10
Event: 615.147 Thread 0x0000013f7e671f70 Thread added: 0x0000013f48767f70
Event: 616.260 Thread 0x0000013f48767f70 Thread exited: 0x0000013f48767f70
Event: 616.299 Thread 0x0000013f48768d10 Thread exited: 0x0000013f48768d10
Event: 616.333 Thread 0x0000013f7e671f70 Thread added: 0x0000013f48769ab0
Event: 617.103 Thread 0x0000013f49432370 Thread exited: 0x0000013f49432370
Event: 617.346 Thread 0x0000013f48769ab0 Thread exited: 0x0000013f48769ab0
Event: 617.496 Thread 0x0000013f49433090 Thread exited: 0x0000013f49433090
Event: 618.732 Thread 0x0000013f49432a00 Thread exited: 0x0000013f49432a00
Event: 624.712 Thread 0x0000013f7e671f70 Thread added: 0x0000013f48766430
Event: 624.739 Thread 0x0000013f66a3b300 Thread added: 0x0000013f48769ab0
Event: 632.246 Thread 0x0000013f48769ab0 Thread exited: 0x0000013f48769ab0
Event: 632.292 Thread 0x0000013f48766430 Thread exited: 0x0000013f48766430
Event: 687.202 Thread 0x0000013f46c468d0 Thread exited: 0x0000013f46c468d0
Event: 747.207 Thread 0x0000013f49431650 Thread exited: 0x0000013f49431650
Event: 807.222 Thread 0x0000013f4942fc10 Thread exited: 0x0000013f4942fc10


Dynamic libraries:
0x00007ff78f5b0000 - 0x00007ff78f5be000 	c:\Users\mayur_yzg5bjf\.vscode\extensions\redhat.java-1.44.0-win32-x64\jre\21.0.8-win32-x86_64\bin\java.exe
0x00007ffc64350000 - 0x00007ffc64567000 	C:\WINDOWS\SYSTEM32\ntdll.dll
0x00007ffc63900000 - 0x00007ffc639c4000 	C:\WINDOWS\System32\KERNEL32.DLL
0x00007ffc61ab0000 - 0x00007ffc61e82000 	C:\WINDOWS\System32\KERNELBASE.dll
0x00007ffc61ec0000 - 0x00007ffc61fd1000 	C:\WINDOWS\System32\ucrtbase.dll
0x00007ffc5e210000 - 0x00007ffc5e228000 	c:\Users\mayur_yzg5bjf\.vscode\extensions\redhat.java-1.44.0-win32-x64\jre\21.0.8-win32-x86_64\bin\jli.dll
0x00007ffc5a7e0000 - 0x00007ffc5a7fe000 	c:\Users\mayur_yzg5bjf\.vscode\extensions\redhat.java-1.44.0-win32-x64\jre\21.0.8-win32-x86_64\bin\VCRUNTIME140.dll
0x00007ffc63a90000 - 0x00007ffc63c41000 	C:\WINDOWS\System32\USER32.dll
0x00007ffc61e90000 - 0x00007ffc61eb6000 	C:\WINDOWS\System32\win32u.dll
0x00007ffc4ab70000 - 0x00007ffc4ae0b000 	C:\WINDOWS\WinSxS\amd64_microsoft.windows.common-controls_6595b64144ccf1df_6.0.22621.5697_none_27154c497380d676\COMCTL32.dll
0x00007ffc63e50000 - 0x00007ffc63e79000 	C:\WINDOWS\System32\GDI32.dll
0x00007ffc62560000 - 0x00007ffc62607000 	C:\WINDOWS\System32\msvcrt.dll
0x00007ffc61440000 - 0x00007ffc61563000 	C:\WINDOWS\System32\gdi32full.dll
0x00007ffc61660000 - 0x00007ffc616fa000 	C:\WINDOWS\System32\msvcp_win.dll
0x00007ffc62760000 - 0x00007ffc62791000 	C:\WINDOWS\System32\IMM32.DLL
0x00007ffc5a7d0000 - 0x00007ffc5a7dc000 	c:\Users\mayur_yzg5bjf\.vscode\extensions\redhat.java-1.44.0-win32-x64\jre\21.0.8-win32-x86_64\bin\vcruntime140_1.dll
0x00007ffbd1e00000 - 0x00007ffbd1e8d000 	c:\Users\mayur_yzg5bjf\.vscode\extensions\redhat.java-1.44.0-win32-x64\jre\21.0.8-win32-x86_64\bin\msvcp140.dll
0x00007ffb70c60000 - 0x00007ffb719f7000 	c:\Users\mayur_yzg5bjf\.vscode\extensions\redhat.java-1.44.0-win32-x64\jre\21.0.8-win32-x86_64\bin\server\jvm.dll
0x00007ffc63d70000 - 0x00007ffc63e21000 	C:\WINDOWS\System32\ADVAPI32.dll
0x00007ffc639d0000 - 0x00007ffc63a78000 	C:\WINDOWS\System32\sechost.dll
0x00007ffc61570000 - 0x00007ffc61598000 	C:\WINDOWS\System32\bcrypt.dll
0x00007ffc63c50000 - 0x00007ffc63d67000 	C:\WINDOWS\System32\RPCRT4.dll
0x00007ffc62420000 - 0x00007ffc62491000 	C:\WINDOWS\System32\WS2_32.dll
0x00007ffc61260000 - 0x00007ffc612ad000 	C:\WINDOWS\SYSTEM32\POWRPROF.dll
0x00007ffc56dc0000 - 0x00007ffc56dca000 	C:\WINDOWS\SYSTEM32\VERSION.dll
0x00007ffc5b9a0000 - 0x00007ffc5b9d4000 	C:\WINDOWS\SYSTEM32\WINMM.dll
0x00007ffc61240000 - 0x00007ffc61253000 	C:\WINDOWS\SYSTEM32\UMPDC.dll
0x00007ffc60420000 - 0x00007ffc60438000 	C:\WINDOWS\SYSTEM32\kernel.appcore.dll
0x00007ffc5a7c0000 - 0x00007ffc5a7ca000 	c:\Users\mayur_yzg5bjf\.vscode\extensions\redhat.java-1.44.0-win32-x64\jre\21.0.8-win32-x86_64\bin\jimage.dll
0x00007ffc5ed20000 - 0x00007ffc5ef53000 	C:\WINDOWS\SYSTEM32\DBGHELP.DLL
0x00007ffc62cb0000 - 0x00007ffc63042000 	C:\WINDOWS\System32\combase.dll
0x00007ffc62680000 - 0x00007ffc62758000 	C:\WINDOWS\System32\OLEAUT32.dll
0x00007ffc4ecb0000 - 0x00007ffc4ece2000 	C:\WINDOWS\SYSTEM32\dbgcore.DLL
0x00007ffc61a30000 - 0x00007ffc61aab000 	C:\WINDOWS\System32\bcryptPrimitives.dll
0x00007ffc5a5c0000 - 0x00007ffc5a5cf000 	c:\Users\mayur_yzg5bjf\.vscode\extensions\redhat.java-1.44.0-win32-x64\jre\21.0.8-win32-x86_64\bin\instrument.dll
0x00007ffc5a5a0000 - 0x00007ffc5a5bf000 	c:\Users\mayur_yzg5bjf\.vscode\extensions\redhat.java-1.44.0-win32-x64\jre\21.0.8-win32-x86_64\bin\java.dll
0x00007ffc63050000 - 0x00007ffc638f1000 	C:\WINDOWS\System32\SHELL32.dll
0x00007ffc618f0000 - 0x00007ffc61a2f000 	C:\WINDOWS\System32\wintypes.dll
0x00007ffc5f320000 - 0x00007ffc5fc3a000 	C:\WINDOWS\SYSTEM32\windows.storage.dll
0x00007ffc640b0000 - 0x00007ffc641bb000 	C:\WINDOWS\System32\SHCORE.dll
0x00007ffc62610000 - 0x00007ffc62679000 	C:\WINDOWS\System32\shlwapi.dll
0x00007ffc61370000 - 0x00007ffc6139b000 	C:\WINDOWS\SYSTEM32\profapi.dll
0x00007ffc329c0000 - 0x00007ffc329d8000 	c:\Users\mayur_yzg5bjf\.vscode\extensions\redhat.java-1.44.0-win32-x64\jre\21.0.8-win32-x86_64\bin\zip.dll
0x00007ffc5a590000 - 0x00007ffc5a5a0000 	C:\Users\mayur_yzg5bjf\.vscode\extensions\redhat.java-1.44.0-win32-x64\jre\21.0.8-win32-x86_64\bin\net.dll
0x00007ffc5cd40000 - 0x00007ffc5ce6c000 	C:\WINDOWS\SYSTEM32\WINHTTP.dll
0x00007ffc608f0000 - 0x00007ffc60959000 	C:\WINDOWS\system32\mswsock.dll
0x00007ffc5a160000 - 0x00007ffc5a176000 	C:\Users\mayur_yzg5bjf\.vscode\extensions\redhat.java-1.44.0-win32-x64\jre\21.0.8-win32-x86_64\bin\nio.dll
0x00007ffc59e50000 - 0x00007ffc59e60000 	c:\Users\mayur_yzg5bjf\.vscode\extensions\redhat.java-1.44.0-win32-x64\jre\21.0.8-win32-x86_64\bin\verify.dll
0x00007ffc28d40000 - 0x00007ffc28d85000 	C:\Users\mayur_yzg5bjf\AppData\Roaming\Code\User\globalStorage\redhat.java\1.44.0\config_win\org.eclipse.equinox.launcher\org.eclipse.equinox.launcher.win32.win32.x86_64_1.2.1400.v20250730-1736\eclipse_11913.dll
0x00007ffc63e80000 - 0x00007ffc64020000 	C:\WINDOWS\System32\ole32.dll
0x00007ffc60b40000 - 0x00007ffc60b5b000 	C:\WINDOWS\SYSTEM32\CRYPTSP.dll
0x00007ffc60380000 - 0x00007ffc603b7000 	C:\WINDOWS\system32\rsaenh.dll
0x00007ffc609e0000 - 0x00007ffc60a08000 	C:\WINDOWS\SYSTEM32\USERENV.dll
0x00007ffc60b60000 - 0x00007ffc60b6c000 	C:\WINDOWS\SYSTEM32\CRYPTBASE.dll
0x00007ffc5fee0000 - 0x00007ffc5ff0d000 	C:\WINDOWS\SYSTEM32\IPHLPAPI.DLL
0x00007ffc640a0000 - 0x00007ffc640a9000 	C:\WINDOWS\System32\NSI.dll
0x00007ffbe0460000 - 0x00007ffbe04a9000 	C:\Users\mayur_yzg5bjf\AppData\Local\Temp\jna--409863502\jna3414209585450204613.dll
0x00007ffc641d0000 - 0x00007ffc641d8000 	C:\WINDOWS\System32\PSAPI.DLL
0x00007ffc5ca90000 - 0x00007ffc5caa9000 	C:\WINDOWS\SYSTEM32\dhcpcsvc6.DLL
0x00007ffc5c9e0000 - 0x00007ffc5c9ff000 	C:\WINDOWS\SYSTEM32\dhcpcsvc.DLL
0x00007ffc59e40000 - 0x00007ffc59e4e000 	C:\Users\mayur_yzg5bjf\.vscode\extensions\redhat.java-1.44.0-win32-x64\jre\21.0.8-win32-x86_64\bin\sunmscapi.dll
0x00007ffc61700000 - 0x00007ffc61868000 	C:\WINDOWS\System32\CRYPT32.dll
0x00007ffc60d00000 - 0x00007ffc60d2d000 	C:\WINDOWS\SYSTEM32\ncrypt.dll
0x00007ffc60cc0000 - 0x00007ffc60cf7000 	C:\WINDOWS\SYSTEM32\NTASN1.dll
0x00007ffc5ff10000 - 0x00007ffc60008000 	C:\WINDOWS\SYSTEM32\DNSAPI.dll
0x00007ffc5b8f0000 - 0x00007ffc5b8fa000 	C:\Windows\System32\rasadhlp.dll
0x00007ffc5b860000 - 0x00007ffc5b8e4000 	C:\WINDOWS\System32\fwpuclnt.dll
0x00007ffc59e30000 - 0x00007ffc59e39000 	C:\Users\mayur_yzg5bjf\.vscode\extensions\redhat.java-1.44.0-win32-x64\jre\21.0.8-win32-x86_64\bin\extnet.dll

JVMTI agents:
c:\Users\mayur_yzg5bjf\.vscode\extensions\redhat.java-1.44.0-win32-x64\lombok\lombok-1.18.39-4050.jar path:c:\Users\mayur_yzg5bjf\.vscode\extensions\redhat.java-1.44.0-win32-x64\jre\21.0.8-win32-x86_64\bin\instrument.dll, loaded, initialized, instrumentlib options:none

dbghelp: loaded successfully - version: 4.0.5 - missing functions: none
symbol engine: initialized successfully - sym options: 0x614 - pdb path: .;c:\Users\mayur_yzg5bjf\.vscode\extensions\redhat.java-1.44.0-win32-x64\jre\21.0.8-win32-x86_64\bin;C:\WINDOWS\SYSTEM32;C:\WINDOWS\WinSxS\amd64_microsoft.windows.common-controls_6595b64144ccf1df_6.0.22621.5697_none_27154c497380d676;c:\Users\mayur_yzg5bjf\.vscode\extensions\redhat.java-1.44.0-win32-x64\jre\21.0.8-win32-x86_64\bin\server;C:\Users\mayur_yzg5bjf\AppData\Roaming\Code\User\globalStorage\redhat.java\1.44.0\config_win\org.eclipse.equinox.launcher\org.eclipse.equinox.launcher.win32.win32.x86_64_1.2.1400.v20250730-1736;C:\Users\mayur_yzg5bjf\AppData\Local\Temp\jna--409863502

VM Arguments:
jvm_args: --add-modules=ALL-SYSTEM --add-opens=java.base/java.util=ALL-UNNAMED --add-opens=java.base/java.lang=ALL-UNNAMED --add-opens=java.base/sun.nio.fs=ALL-UNNAMED -Declipse.application=org.eclipse.jdt.ls.core.id1 -Dosgi.bundles.defaultStartLevel=4 -Declipse.product=org.eclipse.jdt.ls.core.product -Djava.import.generatesMetadataFilesAtProjectRoot=false -DDetectVMInstallationsJob.disabled=true -Dfile.encoding=utf8 -XX:+UseParallelGC -XX:GCTimeRatio=4 -XX:AdaptiveSizePolicyWeight=90 -Dsun.zip.disableMemoryMapping=true -Xmx2G -Xms100m -Xlog:disable -javaagent:c:\Users\mayur_yzg5bjf\.vscode\extensions\redhat.java-1.44.0-win32-x64\lombok\lombok-1.18.39-4050.jar -XX:+HeapDumpOnOutOfMemoryError -XX:HeapDumpPath=c:\Users\mayur_yzg5bjf\AppData\Roaming\Code\User\workspaceStorage\406b6ee4b75cde92aea634623b7a770a\redhat.java -Daether.dependencyCollector.impl=bf 
java_command: c:\Users\mayur_yzg5bjf\.vscode\extensions\redhat.java-1.44.0-win32-x64\server\plugins\org.eclipse.equinox.launcher_1.7.0.v20250519-0528.jar -configuration c:\Users\mayur_yzg5bjf\AppData\Roaming\Code\User\globalStorage\redhat.java\1.44.0\config_win -data c:\Users\mayur_yzg5bjf\AppData\Roaming\Code\User\workspaceStorage\406b6ee4b75cde92aea634623b7a770a\redhat.java\jdt_ws --pipe=\\.\pipe\lsp-85bd5a420dd84d361eb99da85f959533-sock
java_class_path (initial): c:\Users\mayur_yzg5bjf\.vscode\extensions\redhat.java-1.44.0-win32-x64\server\plugins\org.eclipse.equinox.launcher_1.7.0.v20250519-0528.jar
Launcher Type: SUN_STANDARD

[Global flags]
    uintx AdaptiveSizePolicyWeight                 = 90                                        {product} {command line}
     intx CICompilerCount                          = 4                                         {product} {ergonomic}
    uintx GCTimeRatio                              = 4                                         {product} {command line}
     bool HeapDumpOnOutOfMemoryError               = true                                   {manageable} {command line}
    ccstr HeapDumpPath                             = c:\Users\mayur_yzg5bjf\AppData\Roaming\Code\User\workspaceStorage\406b6ee4b75cde92aea634623b7a770a\redhat.java         {manageable} {command line}
   size_t InitialHeapSize                          = 104857600                                 {product} {command line}
   size_t MaxHeapSize                              = 2147483648                                {product} {command line}
   size_t MaxNewSize                               = 715653120                                 {product} {ergonomic}
   size_t MinHeapDeltaBytes                        = 524288                                    {product} {ergonomic}
   size_t MinHeapSize                              = 104857600                                 {product} {command line}
   size_t NewSize                                  = 34603008                                  {product} {ergonomic}
    uintx NonNMethodCodeHeapSize                   = 5839372                                {pd product} {ergonomic}
    uintx NonProfiledCodeHeapSize                  = 122909434                              {pd product} {ergonomic}
   size_t OldSize                                  = 70254592                                  {product} {ergonomic}
    uintx ProfiledCodeHeapSize                     = 122909434                              {pd product} {ergonomic}
    uintx ReservedCodeCacheSize                    = 251658240                              {pd product} {ergonomic}
     bool SegmentedCodeCache                       = true                                      {product} {ergonomic}
   size_t SoftMaxHeapSize                          = 2147483648                             {manageable} {ergonomic}
     bool UseCompressedOops                        = true                           {product lp64_product} {ergonomic}
     bool UseLargePagesIndividualAllocation        = false                                  {pd product} {ergonomic}
     bool UseParallelGC                            = true                                      {product} {command line}

Logging:
Log output configuration:
 #0: stdout all=off uptime,level,tags foldmultilines=false
 #1: stderr all=off uptime,level,tags foldmultilines=false

Environment Variables:
PATH=c:\Users\mayur_yzg5bjf\AppData\Local\Programs\cursor\resources\app\bin;C:\Program Files (x86)\Microsoft\Edge\Application;C:\Program Files\Common Files\Oracle\Java\javapath;C:\WINDOWS\system32;C:\WINDOWS;C:\WINDOWS\System32\Wbem;C:\WINDOWS\System32\WindowsPowerShell\v1.0\;C:\WINDOWS\System32\OpenSSH\;C:\Program Files\MongoDB\Server\7.0\bin;C:\Program Files\dotnet\;C:\Users\mayur_yzg5bjf\Downloads\flutter_windows_3.19.6-stable\flutter\bin;C:\Program Files\Git\cmd;C:\MinGW\bin;C:\Program Files\Java\jdk-23\bin;C:\ProgramData\chocolatey\bin;C:\Program Files\CMake\bin;C:\Users\mayur_yzg5bjf\AppData\Local\Programs\Python\Python312\Scripts\;C:\Users\mayur_yzg5bjf\AppData\Local\Programs\Python\Python312\;C:\Users\mayur_yzg5bjf\AppData\Local\Programs\Python\Launcher\;C:\Users\mayur_yzg5bjf\Downloads\flutter_windows_3.19.6-stable\flutter\bin;C:\Users\mayur_yzg5bjf\.shorebird\bin;C:\Users\mayur_yzg5bjf\AppData\Roaming\npm;C:\Users\mayur_yzg5bjf\Downloads\flutter_windows_3.29.0-stable\flutter\bin;c:\Users\mayur_yzg5bjf\AppData\Local\Programs\cursor\resources\app\bin;C:\Users\mayur_yzg5bjf\AppData\Local\nvm;C:\nvm4w\nodejs;C:\Program Files\Amazon\AWSCLIV2\;C:\WINDOWS\system32\config\systemprofile\AppData\Local\Muse Hub\lib;C:\Users\mayur_yzg5bjf\AppData\Local\Programs\Python\Python312\Scripts\;C:\Users\mayur_yzg5bjf\AppData\Local\Programs\Python\Python312\;C:\Users\mayur_yzg5bjf\AppData\Local\Programs\Python\Launcher\;C:\Users\mayur_yzg5bjf\Downloads\flutter_windows_3.19.6-stable\flutter\bin;C:\Users\mayur_yzg5bjf\AppData\Local\Programs\Microsoft VS Code\bin;C:\Users\mayur_yzg5bjf\.shorebird\bin;C:\Users\mayur_yzg5bjf\AppData\Roaming\npm;C:\Users\mayur_yzg5bjf\Downloads\flutter_windows_3.29.0-stable\flutter\bin;C:\Users\mayur_yzg5bjf\AppData\Local\Muse Hub\lib;C:\Users\mayur_yzg5bjf\AppData\Local\Programs\cursor\resources\app\bin;C:\tools\dart-sdk\bin;C:\Users\mayur_yzg5bjf\AppData\Local\Pub\Cache\bin;C:\Users\mayur_yzg5bjf\AppData\Local\nvm;C:\nvm4w\nodejs
USERNAME=mayur_yzg5bjf
OS=Windows_NT
PROCESSOR_IDENTIFIER=AMD64 Family 23 Model 104 Stepping 1, AuthenticAMD
TMP=C:\Users\MAYUR_~1\AppData\Local\Temp
TEMP=C:\Users\MAYUR_~1\AppData\Local\Temp




Periodic native trim disabled

---------------  S Y S T E M  ---------------

OS:
 Windows 11 , 64 bit Build 22621 (10.0.22621.5415)
OS uptime: 0 days 2:53 hours

CPU: total 12 (initial active 12) (12 cores per cpu, 2 threads per core) family 23 model 104 stepping 1 microcode 0x0, cx8, cmov, fxsr, ht, mmx, 3dnowpref, sse, sse2, sse3, ssse3, sse4a, sse4.1, sse4.2, popcnt, lzcnt, tsc, tscinvbit, avx, avx2, aes, clmul, bmi1, bmi2, adx, sha, fma, vzeroupper, clflush, clflushopt, rdtscp, rdpid, f16c
Processor Information for the first 12 processors :
  Max Mhz: 2100, Current Mhz: 1686, Mhz Limit: 2100

Memory: 4k page, system-wide physical 15720M (2745M free)
TotalPageFile size 19198M (AvailPageFile size 2M)
current process WorkingSet (physical memory assigned to process): 1046M, peak: 1048M
current process commit charge ("private bytes"): 999M, peak: 1003M

vm_info: OpenJDK 64-Bit Server VM (21.0.8+9-LTS) for windows-amd64 JRE (21.0.8+9-LTS), built on 2025-07-15T00:00:00Z by "admin" with MS VC++ 17.7 (VS2022)

END.
